<?xml version="1.0" encoding="UTF-8"?>
<testsuite xmlns:xsi="http://www.w3.org/2001/XMLSchema-instance" xsi:noNamespaceSchemaLocation="https://maven.apache.org/surefire/maven-surefire-plugin/xsd/surefire-test-report-3.0.xsd" version="3.0" name="TestSuite" time="79.109" tests="1" errors="0" skipped="0" failures="1">
  <properties>
[...]
</properties>
  <testcase name="setup" classname="mvn_launchcode" time="70.901">
    <failure message="unknown error: unable to discover open pages&#10;Build info: version: &apos;3.141.59&apos;, revision: &apos;e82be7d358&apos;, time: &apos;2018-11-14T08:17:03&apos;&#10;System info: host: &apos;ANTRIKSHSHARMA&apos;, ip: &apos;192.168.1.5&apos;, os.name: &apos;Windows 7&apos;, os.arch: &apos;amd64&apos;, os.version: &apos;6.1&apos;, java.version: &apos;1.8.0_221&apos;&#10;Driver info: driver.version: ChromeDriver&#10;remote stacktrace: Backtrace:&#10;	Ordinal0 [0x00247C53+1473619]&#10;	Ordinal0 [0x001CAD71+961905]&#10;	Ordinal0 [0x001542B3+475827]&#10;	Ordinal0 [0x000EF2C1+62145]&#10;	Ordinal0 [0x000EBC77+48247]&#10;	Ordinal0 [0x00109149+168265]&#10;	Ordinal0 [0x00108D1D+167197]&#10;	Ordinal0 [0x0010742B+160811]&#10;	Ordinal0 [0x000F0AE6+68326]&#10;	Ordinal0 [0x000F1BF0+72688]&#10;	Ordinal0 [0x000F1B89+72585]&#10;	Ordinal0 [0x001E4B37+1067831]&#10;	GetHandleVerifier [0x002E6845+506677]&#10;	GetHandleVerifier [0x002E65E0+506064]&#10;	GetHandleVerifier [0x002ED188+533624]&#10;	GetHandleVerifier [0x002E701A+508682]&#10;	Ordinal0 [0x001DC226+1032742]&#10;	Ordinal0 [0x001DC09F+1032351]&#10;	Ordinal0 [0x001E6A4B+1075787]&#10;	Ordinal0 [0x001E6BB3+1076147]&#10;	Ordinal0 [0x001E5B65+1071973]&#10;	BaseThreadInitThunk [0x7538336A+18]&#10;	RtlInitializeExceptionChain [0x774E98F2+99]&#10;	RtlInitializeExceptionChain [0x774E98C5+54]&#10;" type="org.openqa.selenium.WebDriverException">org.openqa.selenium.WebDriverException: 
unknown error: unable to discover open pages
Build info: version: '3.141.59', revision: 'e82be7d358', time: '2018-11-14T08:17:03'
System info: host: 'ANTRIKSHSHARMA', ip: '192.168.1.5', os.name: 'Windows 7', os.arch: 'amd64', os.version: '6.1', java.version: '1.8.0_221'
Driver info: driver.version: ChromeDriver
remote stacktrace: Backtrace:
	Ordinal0 [0x00247C53+1473619]
	Ordinal0 [0x001CAD71+961905]
	Ordinal0 [0x001542B3+475827]
	Ordinal0 [0x000EF2C1+62145]
	Ordinal0 [0x000EBC77+48247]
	Ordinal0 [0x00109149+168265]
	Ordinal0 [0x00108D1D+167197]
	Ordinal0 [0x0010742B+160811]
	Ordinal0 [0x000F0AE6+68326]
	Ordinal0 [0x000F1BF0+72688]
	Ordinal0 [0x000F1B89+72585]
	Ordinal0 [0x001E4B37+1067831]
	GetHandleVerifier [0x002E6845+506677]
	GetHandleVerifier [0x002E65E0+506064]
	GetHandleVerifier [0x002ED188+533624]
	GetHandleVerifier [0x002E701A+508682]
	Ordinal0 [0x001DC226+1032742]
	Ordinal0 [0x001DC09F+1032351]
	Ordinal0 [0x001E6A4B+1075787]
	Ordinal0 [0x001E6BB3+1076147]
	Ordinal0 [0x001E5B65+1071973]
	BaseThreadInitThunk [0x7538336A+18]
	RtlInitializeExceptionChain [0x774E98F2+99]
	RtlInitializeExceptionChain [0x774E98C5+54]

	at mvn_launchcode.setup(mvn_launchcode.java:25)
</failure>
    <system-err><![CDATA[SLF4J: Failed to load class "org.slf4j.impl.StaticLoggerBinder".
SLF4J: Defaulting to no-operation (NOP) logger implementation
SLF4J: See http://www.slf4j.org/codes.html#StaticLoggerBinder for further details.
Starting ChromeDriver 76.0.3809.126 (d80a294506b4c9d18015e755cee48f953ddc3f2f-refs/branch-heads/3809@{#1024}) on port 17278
Only local connections are allowed.
Please protect ports used by ChromeDriver and related test frameworks to prevent access by malicious code.
]]></system-err>
  </testcase>
</testsuite>