<?xml version="1.0" encoding="UTF-8"?>
<testng-results skipped="0" failed="1" ignored="0" total="1" passed="0">
  <reporter-output>
  </reporter-output>
  <suite name="Suite" duration-ms="70882" started-at="2019-08-17T07:08:04Z" finished-at="2019-08-17T07:09:14Z">
    <groups>
    </groups>
    <test name="Test" duration-ms="70882" started-at="2019-08-17T07:08:04Z" finished-at="2019-08-17T07:09:14Z">
      <class name="mvn_launchcode">
        <test-method status="FAIL" signature="setup()[pri:0, instance:mvn_launchcode@735f7ae5]" name="setup" duration-ms="70773" started-at="2019-08-17T07:08:04Z" finished-at="2019-08-17T07:09:14Z">
          <exception class="org.openqa.selenium.WebDriverException">
            <message>
              <![CDATA[unknown error: unable to discover open pages
Build info: version: '3.141.59', revision: 'e82be7d358', time: '2018-11-14T08:17:03'
System info: host: 'ANTRIKSHSHARMA', ip: '192.168.1.5', os.name: 'Windows 7', os.arch: 'amd64', os.version: '6.1', java.version: '1.8.0_221'
Driver info: driver.version: ChromeDriver
remote stacktrace: Backtrace:
Ordinal0 [0x00247C53+1473619]
Ordinal0 [0x001CAD71+961905]
Ordinal0 [0x001542B3+475827]
Ordinal0 [0x000EF2C1+62145]
Ordinal0 [0x000EBC77+48247]
Ordinal0 [0x00109149+168265]
Ordinal0 [0x00108D1D+167197]
Ordinal0 [0x0010742B+160811]
Ordinal0 [0x000F0AE6+68326]
Ordinal0 [0x000F1BF0+72688]
Ordinal0 [0x000F1B89+72585]
Ordinal0 [0x001E4B37+1067831]
GetHandleVerifier [0x002E6845+506677]
GetHandleVerifier [0x002E65E0+506064]
GetHandleVerifier [0x002ED188+533624]
GetHandleVerifier [0x002E701A+508682]
Ordinal0 [0x001DC226+1032742]
Ordinal0 [0x001DC09F+1032351]
Ordinal0 [0x001E6A4B+1075787]
Ordinal0 [0x001E6BB3+1076147]
Ordinal0 [0x001E5B65+1071973]
BaseThreadInitThunk [0x7538336A+18]
RtlInitializeExceptionChain [0x774E98F2+99]
RtlInitializeExceptionChain [0x774E98C5+54]
]]>
            </message>
            <full-stacktrace>
              <![CDATA[org.openqa.selenium.WebDriverException: unknown error: unable to discover open pages
Build info: version: '3.141.59', revision: 'e82be7d358', time: '2018-11-14T08:17:03'
System info: host: 'ANTRIKSHSHARMA', ip: '192.168.1.5', os.name: 'Windows 7', os.arch: 'amd64', os.version: '6.1', java.version: '1.8.0_221'
Driver info: driver.version: ChromeDriver
remote stacktrace: Backtrace:
Ordinal0 [0x00247C53+1473619]
Ordinal0 [0x001CAD71+961905]
Ordinal0 [0x001542B3+475827]
Ordinal0 [0x000EF2C1+62145]
Ordinal0 [0x000EBC77+48247]
Ordinal0 [0x00109149+168265]
Ordinal0 [0x00108D1D+167197]
Ordinal0 [0x0010742B+160811]
Ordinal0 [0x000F0AE6+68326]
Ordinal0 [0x000F1BF0+72688]
Ordinal0 [0x000F1B89+72585]
Ordinal0 [0x001E4B37+1067831]
GetHandleVerifier [0x002E6845+506677]
GetHandleVerifier [0x002E65E0+506064]
GetHandleVerifier [0x002ED188+533624]
GetHandleVerifier [0x002E701A+508682]
Ordinal0 [0x001DC226+1032742]
Ordinal0 [0x001DC09F+1032351]
Ordinal0 [0x001E6A4B+1075787]
Ordinal0 [0x001E6BB3+1076147]
Ordinal0 [0x001E5B65+1071973]
BaseThreadInitThunk [0x7538336A+18]
RtlInitializeExceptionChain [0x774E98F2+99]
RtlInitializeExceptionChain [0x774E98C5+54]

at sun.reflect.NativeConstructorAccessorImpl.newInstance0(Native Method)
at sun.reflect.NativeConstructorAccessorImpl.newInstance(NativeConstructorAccessorImpl.java:62)
at sun.reflect.DelegatingConstructorAccessorImpl.newInstance(DelegatingConstructorAccessorImpl.java:45)
at java.lang.reflect.Constructor.newInstance(Constructor.java:423)
at org.openqa.selenium.remote.W3CHandshakeResponse.lambda$errorHandler$0(W3CHandshakeResponse.java:62)
at org.openqa.selenium.remote.HandshakeResponse.lambda$getResponseFunction$0(HandshakeResponse.java:30)
at org.openqa.selenium.remote.ProtocolHandshake.lambda$createSession$0(ProtocolHandshake.java:126)
at java.util.stream.ReferencePipeline$3$1.accept(ReferencePipeline.java:193)
at java.util.Spliterators$ArraySpliterator.tryAdvance(Spliterators.java:958)
at java.util.stream.ReferencePipeline.forEachWithCancel(ReferencePipeline.java:126)
at java.util.stream.AbstractPipeline.copyIntoWithCancel(AbstractPipeline.java:499)
at java.util.stream.AbstractPipeline.copyInto(AbstractPipeline.java:486)
at java.util.stream.AbstractPipeline.wrapAndCopyInto(AbstractPipeline.java:472)
at java.util.stream.FindOps$FindOp.evaluateSequential(FindOps.java:152)
at java.util.stream.AbstractPipeline.evaluate(AbstractPipeline.java:234)
at java.util.stream.ReferencePipeline.findFirst(ReferencePipeline.java:464)
at org.openqa.selenium.remote.ProtocolHandshake.createSession(ProtocolHandshake.java:128)
at org.openqa.selenium.remote.ProtocolHandshake.createSession(ProtocolHandshake.java:74)
at org.openqa.selenium.remote.HttpCommandExecutor.execute(HttpCommandExecutor.java:136)
at org.openqa.selenium.remote.service.DriverCommandExecutor.execute(DriverCommandExecutor.java:83)
at org.openqa.selenium.remote.RemoteWebDriver.execute(RemoteWebDriver.java:552)
at org.openqa.selenium.remote.RemoteWebDriver.startSession(RemoteWebDriver.java:213)
at org.openqa.selenium.remote.RemoteWebDriver.<init>(RemoteWebDriver.java:131)
at org.openqa.selenium.chrome.ChromeDriver.<init>(ChromeDriver.java:181)
at org.openqa.selenium.chrome.ChromeDriver.<init>(ChromeDriver.java:168)
at org.openqa.selenium.chrome.ChromeDriver.<init>(ChromeDriver.java:123)
at mvn_launchcode.setup(mvn_launchcode.java:25)
at sun.reflect.NativeMethodAccessorImpl.invoke0(Native Method)
at sun.reflect.NativeMethodAccessorImpl.invoke(NativeMethodAccessorImpl.java:62)
at sun.reflect.DelegatingMethodAccessorImpl.invoke(DelegatingMethodAccessorImpl.java:43)
at java.lang.reflect.Method.invoke(Method.java:498)
at org.testng.internal.MethodInvocationHelper.invokeMethod(MethodInvocationHelper.java:124)
at org.testng.internal.Invoker.invokeMethod(Invoker.java:583)
at org.testng.internal.Invoker.invokeTestMethod(Invoker.java:719)
at org.testng.internal.Invoker.invokeTestMethods(Invoker.java:989)
at org.testng.internal.TestMethodWorker.invokeTestMethods(TestMethodWorker.java:125)
at org.testng.internal.TestMethodWorker.run(TestMethodWorker.java:109)
at org.testng.TestRunner.privateRun(TestRunner.java:648)
at org.testng.TestRunner.run(TestRunner.java:505)
at org.testng.SuiteRunner.runTest(SuiteRunner.java:455)
at org.testng.SuiteRunner.runSequentially(SuiteRunner.java:450)
at org.testng.SuiteRunner.privateRun(SuiteRunner.java:415)
at org.testng.SuiteRunner.run(SuiteRunner.java:364)
at org.testng.SuiteRunnerWorker.runSuite(SuiteRunnerWorker.java:52)
at org.testng.SuiteRunnerWorker.run(SuiteRunnerWorker.java:84)
at org.testng.TestNG.runSuitesSequentially(TestNG.java:1208)
at org.testng.TestNG.runSuitesLocally(TestNG.java:1137)
at org.testng.TestNG.runSuites(TestNG.java:1049)
at org.testng.TestNG.run(TestNG.java:1017)
at org.apache.maven.surefire.testng.TestNGExecutor.run(TestNGExecutor.java:283)
at org.apache.maven.surefire.testng.TestNGXmlTestSuite.execute(TestNGXmlTestSuite.java:75)
at org.apache.maven.surefire.testng.TestNGProvider.invoke(TestNGProvider.java:120)
at org.apache.maven.surefire.booter.ForkedBooter.invokeProviderInSameClassLoader(ForkedBooter.java:384)
at org.apache.maven.surefire.booter.ForkedBooter.runSuitesInProcess(ForkedBooter.java:345)
at org.apache.maven.surefire.booter.ForkedBooter.execute(ForkedBooter.java:126)
at org.apache.maven.surefire.booter.ForkedBooter.main(ForkedBooter.java:418)
]]>
            </full-stacktrace>
          </exception> <!-- org.openqa.selenium.WebDriverException -->
          <reporter-output>
          </reporter-output>
        </test-method> <!-- setup -->
      </class> <!-- mvn_launchcode -->
    </test> <!-- Test -->
  </suite> <!-- Suite -->
</testng-results>
